<?xml version="1.0" encoding="UTF-8"?>
<!-- Generated by org.testng.reporters.JUnitXMLReporter -->
<testsuite ignored="3" hostname="Mac1s-MacBook-Pro.local" failures="0" tests="1" name="Default test" time="36.511" errors="0" timestamp="2023-11-07T12:27:53 WIB">
  <testcase classname="selenium.AutomationCMSDigistar.b_Content_Menu" name="dEditCLusterMovies" time="36.353"/>
  <testcase classname="selenium.AutomationCMSDigistar.b_Content_Menu" name="aMenambahkanClusterHomepageBaru" time="0.0">
    <ignored/>
  </testcase> <!-- aMenambahkanClusterHomepageBaru -->
  <testcase classname="selenium.AutomationCMSDigistar.b_Content_Menu" name="bEditClusterHomepage" time="0.0">
    <ignored/>
  </testcase> <!-- bEditClusterHomepage -->
  <testcase classname="selenium.AutomationCMSDigistar.b_Content_Menu" name="cMenambahkanClusterMovies" time="0.0">
    <ignored/>
  </testcase> <!-- cMenambahkanClusterMovies -->
</testsuite> <!-- Default test -->
